\BOOKMARK [1][]{section.2}{1 General}{}% 1
\BOOKMARK [2][]{subsection.3}{1.1 Valid Version}{section.2}% 2
\BOOKMARK [3][]{subsubsection.4}{1.1.1 Hardware revisions}{subsection.3}% 3
\BOOKMARK [3][]{subsubsection.7}{1.1.2 Software versions}{subsection.3}% 4
\BOOKMARK [2][]{subsection.8}{1.2 Intended use}{section.2}% 5
\BOOKMARK [2][]{subsection.9}{1.3 Warranty terms}{section.2}% 6
\BOOKMARK [2][]{subsection.10}{1.4 Ordering wear and spare parts and material}{section.2}% 7
\BOOKMARK [2][]{subsection.11}{1.5 Imprint}{section.2}% 8
\BOOKMARK [1][]{section.12}{2 Safety}{}% 9
\BOOKMARK [2][]{subsection.13}{2.1 Personnel safety and device reliability}{section.12}% 10
\BOOKMARK [2][]{subsection.14}{2.2 Injury risks}{section.12}% 11
\BOOKMARK [3][]{subsubsection.15}{2.2.1 Electrical safety}{subsection.14}% 12
\BOOKMARK [3][]{subsubsection.16}{2.2.2 Hot surfaces}{subsection.14}% 13
\BOOKMARK [3][]{subsubsection.17}{2.2.3 Coolant}{subsection.14}% 14
\BOOKMARK [3][]{subsubsection.18}{2.2.4 Noise}{subsection.14}% 15
\BOOKMARK [3][]{subsubsection.19}{2.2.5 Fumes}{subsection.14}% 16
\BOOKMARK [3][]{subsubsection.20}{2.2.6 Emergency stop}{subsection.14}% 17
\BOOKMARK [3][]{subsubsection.22}{2.2.7 Operator qualification}{subsection.14}% 18
\BOOKMARK [3][]{subsubsection.23}{2.2.8 Personal protective equipment}{subsection.14}% 19
\BOOKMARK [3][]{subsubsection.24}{2.2.9 Product reliability}{subsection.14}% 20
\BOOKMARK [3][]{subsubsection.25}{2.2.10 Print head nozzles}{subsection.14}% 21
\BOOKMARK [1][]{section.26}{3 Description}{}% 22
\BOOKMARK [2][]{subsection.27}{3.1 Functional principle}{section.26}% 23
\BOOKMARK [2][]{subsection.29}{3.2 Hardware components}{section.26}% 24
\BOOKMARK [3][]{subsubsection.33}{3.2.1 Build chamber}{subsection.29}% 25
\BOOKMARK [3][]{subsubsection.36}{3.2.2 Print head components}{subsection.29}% 26
\BOOKMARK [3][]{subsubsection.40}{3.2.3 Print table and print bed}{subsection.29}% 27
\BOOKMARK [3][]{subsubsection.44}{3.2.4 Drives}{subsection.29}% 28
\BOOKMARK [3][]{subsubsection.46}{3.2.5 Sensors}{subsection.29}% 29
\BOOKMARK [3][]{subsubsection.51}{3.2.6 Filament supply}{subsection.29}% 30
\BOOKMARK [3][]{subsubsection.54}{3.2.7 Wiper}{subsection.29}% 31
\BOOKMARK [2][]{subsection.56}{3.3 Electronic chamber}{section.26}% 32
\BOOKMARK [2][]{subsection.58}{3.4 Cooling system}{section.26}% 33
\BOOKMARK [2][]{subsection.60}{3.5 Connections and Controls}{section.26}% 34
\BOOKMARK [2][]{subsection.63}{3.6 Touchscreen operation}{section.26}% 35
\BOOKMARK [1][]{section.66}{4 Transport and installation}{}% 36
\BOOKMARK [2][]{subsection.67}{4.1 Life cycle}{section.66}% 37
\BOOKMARK [3][]{subsubsection.68}{4.1.1 Delivery}{subsection.67}% 38
\BOOKMARK [3][]{subsubsection.69}{4.1.2 Transport}{subsection.67}% 39
\BOOKMARK [3][]{subsubsection.70}{4.1.3 Storage}{subsection.67}% 40
\BOOKMARK [3][]{subsubsection.71}{4.1.4 Environment, recycling and disposal}{subsection.67}% 41
\BOOKMARK [2][]{subsection.72}{4.2 Setup and Installation}{section.66}% 42
\BOOKMARK [3][]{subsubsection.73}{4.2.1 Installation requirements}{subsection.72}% 43
\BOOKMARK [3][]{subsubsection.74}{4.2.2 Unpacking the machine}{subsection.72}% 44
\BOOKMARK [3][]{subsubsection.77}{4.2.3 Removing the transport restraints}{subsection.72}% 45
\BOOKMARK [3][]{subsubsection.82}{4.2.4 Connections}{subsection.72}% 46
\BOOKMARK [3][]{subsubsection.87}{4.2.5 Initial commissioning}{subsection.72}% 47
\BOOKMARK [2][]{subsection.88}{4.3 Decommissioning}{section.66}% 48
\BOOKMARK [3][]{subsubsection.89}{4.3.1 Temporary decommissioning}{subsection.88}% 49
\BOOKMARK [3][]{subsubsection.90}{4.3.2 Permanent decommissioning}{subsection.88}% 50
\BOOKMARK [2][]{subsection.91}{4.4 On demand maintenance}{section.66}% 51
\BOOKMARK [1][]{section.92}{5 Initial commissioning}{}% 52
\BOOKMARK [2][]{subsection.93}{5.1 Loading material}{section.92}% 53
\BOOKMARK [2][]{subsection.95}{5.2 Preheating}{section.92}% 54
\BOOKMARK [2][]{subsection.97}{5.3 Calibration}{section.92}% 55
\BOOKMARK [3][]{subsubsection.98}{5.3.1 Leveling the print bed}{subsection.97}% 56
\BOOKMARK [3][]{subsubsection.102}{5.3.2 Determining the extrusion multiplier}{subsection.97}% 57
\BOOKMARK [2][]{subsection.103}{5.4 Creating your first print job}{section.92}% 58
\BOOKMARK [3][]{subsubsection.104}{5.4.1 Installation and setup of the slicing software}{subsection.103}% 59
\BOOKMARK [3][]{subsubsection.110}{5.4.2 Slicing the 3D model}{subsection.103}% 60
\BOOKMARK [3][]{subsubsection.115}{5.4.3 Starting the print job}{subsection.103}% 61
\BOOKMARK [3][]{subsubsection.117}{5.4.4 Removing objects from the bed}{subsection.103}% 62
\BOOKMARK [1][]{section.118}{6 Operation}{}% 63
\BOOKMARK [2][]{subsection.120}{6.1 Starting the 3D Printer}{section.118}% 64
\BOOKMARK [3][]{subsubsection.121}{6.1.1 Switching on}{subsection.120}% 65
\BOOKMARK [3][]{subsubsection.123}{6.1.2 Waking from standby}{subsection.120}% 66
\BOOKMARK [2][]{subsection.125}{6.2 Graphical User Interface \(GUI\)}{section.118}% 67
\BOOKMARK [3][]{subsubsection.127}{6.2.1 [Print] screen}{subsection.125}% 68
\BOOKMARK [3][]{subsubsection.141}{6.2.2 [Configuration] screen}{subsection.125}% 69
\BOOKMARK [3][]{subsubsection.145}{6.2.3 [Setup] screen}{subsection.125}% 70
\BOOKMARK [3][]{subsubsection.147}{6.2.4 [Expert Control] screen}{subsection.125}% 71
\BOOKMARK [3][]{subsubsection.149}{6.2.5 [Log] screen}{subsection.125}% 72
\BOOKMARK [2][]{subsection.151}{6.3 The web interface}{section.118}% 73
\BOOKMARK [3][]{subsubsection.152}{6.3.1 First Steps}{subsection.151}% 74
\BOOKMARK [3][]{subsubsection.154}{6.3.2 Queue}{subsection.151}% 75
\BOOKMARK [3][]{subsubsection.165}{6.3.3 Setup}{subsection.151}% 76
\BOOKMARK [3][]{subsubsection.182}{6.3.4 Log}{subsection.151}% 77
\BOOKMARK [1][]{section.184}{7 Service guide}{}% 78
\BOOKMARK [2][]{subsection.185}{7.1 Support requests - required information}{section.184}% 79
\BOOKMARK [2][]{subsection.189}{7.2 Packing and transport safeguarding}{section.184}% 80
\BOOKMARK [3][]{subsubsection.190}{7.2.1 Safeguarding of movable components}{subsection.189}% 81
\BOOKMARK [3][]{subsubsection.199}{7.2.2 Packing for transport}{subsection.189}% 82
\BOOKMARK [2][]{subsection.206}{7.3 Hardware components and manual tasks}{section.184}% 83
\BOOKMARK [3][]{subsubsection.207}{7.3.1 Maintenance Intervals}{subsection.206}% 84
\BOOKMARK [3][]{subsubsection.211}{7.3.2 Cleaning recommendation}{subsection.206}% 85
\BOOKMARK [3][]{subsubsection.218}{7.3.3 Changing the filament}{subsection.206}% 86
\BOOKMARK [3][]{subsubsection.239}{7.3.4 Adjusting the spool carriers}{subsection.206}% 87
\BOOKMARK [3][]{subsubsection.244}{7.3.5 Remedying clogging}{subsection.206}% 88
\BOOKMARK [3][]{subsubsection.248}{7.3.6 Shaft lubrication}{subsection.206}% 89
\BOOKMARK [3][]{subsubsection.251}{7.3.7 Opening the electronic chamber}{subsection.206}% 90
\BOOKMARK [3][]{subsubsection.256}{7.3.8 Changing the nozzle tip}{subsection.206}% 91
\BOOKMARK [3][]{subsubsection.260}{7.3.9 Refilling the cooling circuit}{subsection.206}% 92
\BOOKMARK [3][]{subsubsection.273}{7.3.10 Extruder idler lever}{subsection.206}% 93
\BOOKMARK [3][]{subsubsection.277}{7.3.11 Timing Belt Tension}{subsection.206}% 94
\BOOKMARK [3][]{subsubsection.279}{7.3.12 Repositioning and refastening the Z-axis clamp collar}{subsection.206}% 95
\BOOKMARK [2][]{subsection.286}{7.4 Electronic components, software and slicing}{section.184}% 96
\BOOKMARK [3][]{subsubsection.287}{7.4.1 Exchanging the operating system SD card}{subsection.286}% 97
\BOOKMARK [1][]{section.290}{8 Downloads}{}% 98
\BOOKMARK [2][]{subsection.291}{8.1 Slicing software}{section.290}% 99
\BOOKMARK [2][]{subsection.292}{8.2 Slic3r profile bundle}{section.290}% 100
\BOOKMARK [2][]{subsection.293}{8.3 Calibration STL models}{section.290}% 101
\BOOKMARK [1][]{section.294}{9 Knowledge base}{}% 102
\BOOKMARK [2][]{subsection.295}{9.1 Print preparations}{section.294}% 103
\BOOKMARK [3][]{subsubsection.296}{9.1.1 Setting the extrusion temperature}{subsection.295}% 104
\BOOKMARK [3][]{subsubsection.311}{9.1.2 Handling 3D files}{subsection.295}% 105
\BOOKMARK [3][]{subsubsection.317}{9.1.3 Layers and quality}{subsection.295}% 106
\BOOKMARK [3][]{subsubsection.331}{9.1.4 Dimensional accuracy}{subsection.295}% 107
\BOOKMARK [3][]{subsubsection.339}{9.1.5 Filament quality check}{subsection.295}% 108
\BOOKMARK [3][]{subsubsection.349}{9.1.6 Calibrating the extrusion}{subsection.295}% 109
\BOOKMARK [3][]{subsubsection.356}{9.1.7 Calibrating the extruder offset}{subsection.295}% 110
\BOOKMARK [2][]{subsection.360}{9.2 Dual extrusion}{section.294}% 111
\BOOKMARK [3][]{subsubsection.363}{9.2.1 Basic dual extruder settings}{subsection.360}% 112
\BOOKMARK [3][]{subsubsection.377}{9.2.2 Printing with soluble support material}{subsection.360}% 113
\BOOKMARK [3][]{subsubsection.382}{9.2.3 Post-treatment of soluble HIPS support}{subsection.360}% 114
\BOOKMARK [3][]{subsubsection.383}{9.2.4 Bicolored printing}{subsection.360}% 115
\BOOKMARK [2][]{subsection.391}{9.3 Tips \046 Tricks}{section.294}% 116
\BOOKMARK [3][]{subsubsection.392}{9.3.1 Commandline Access to the linux operating system via SSH}{subsection.391}% 117
\BOOKMARK [3][]{subsubsection.393}{9.3.2 Setting a static IP address for HT500.3 ethernet connection}{subsection.391}% 118
\BOOKMARK [3][]{subsubsection.394}{9.3.3 Use a custom NTP server for time signals}{subsection.391}% 119
\BOOKMARK [3][]{subsubsection.395}{9.3.4 Changing Shell Password in the Linux Operating System}{subsection.391}% 120
\BOOKMARK [3][]{subsubsection.396}{9.3.5 Print bed leveling}{subsection.391}% 121
\BOOKMARK [3][]{subsubsection.401}{9.3.6 Deactivating the heating elements after end of print job}{subsection.391}% 122
\BOOKMARK [3][]{subsubsection.409}{9.3.7 Adjusting the build chamber temperature}{subsection.391}% 123
\BOOKMARK [3][]{subsubsection.417}{9.3.8 G-code manipulation at the GUI}{subsection.391}% 124
\BOOKMARK [1][]{section.419}{10 Technical Data}{}% 125
\BOOKMARK [2][]{subsection.420}{10.1 General / Dimensions / Weights}{section.419}% 126
\BOOKMARK [2][]{subsection.421}{10.2 Temperatures}{section.419}% 127
\BOOKMARK [2][]{subsection.422}{10.3 Hot ends}{section.419}% 128
\BOOKMARK [2][]{subsection.423}{10.4 Print}{section.419}% 129
\BOOKMARK [2][]{subsection.424}{10.5 Material}{section.419}% 130
\BOOKMARK [2][]{subsection.425}{10.6 Power and Electronics}{section.419}% 131
\BOOKMARK [2][]{subsection.426}{10.7 Sensors}{section.419}% 132
\BOOKMARK [2][]{subsection.427}{10.8 Closed loop water cooling system}{section.419}% 133
\BOOKMARK [2][]{subsection.428}{10.9 Ambient conditions}{section.419}% 134
